<?xml version="1.0" encoding="UTF-8"?>
<!-- Generated by org.testng.reporters.JUnitReportReporter -->
<testsuite hostname="DESKTOP-U2D6VLC" name="dd_testcases.LoginTest" tests="1" failures="0" timestamp="12 Jun 2019 11:42:28 GMT" time="6.783" errors="0">
  <testcase name="doLogin" time="6.783" classname="dd_testcases.LoginTest"/>
</testsuite> <!-- dd_testcases.LoginTest -->
